Burkholderia_383_uid58073	Burkholderia_ambifaria_AMMD_uid58303	8676277	7484986	0.394000	0.392027
Burkholderia_383_uid58073	Burkholderia_ambifaria_MC40_6_uid58701	8676277	7340944	0.387640	0.385205
Burkholderia_383_uid58073	Burkholderia_CCGE1001_uid42975	8676277	6833751	0.101220	0.100100
Burkholderia_383_uid58073	Burkholderia_CCGE1002_uid42523	8676277	7395722	0.123464	0.122874
Burkholderia_383_uid58073	Burkholderia_CCGE1003_uid46253	8676277	7043595	0.092080	0.091321
Burkholderia_383_uid58073	Burkholderia_cenocepacia_AU_1054_uid58371	8676277	7279116	0.452841	0.449569
Burkholderia_383_uid58073	Burkholderia_cenocepacia_HI2424_uid58369	8676277	7537983	0.456506	0.454368
Burkholderia_383_uid58073	Burkholderia_cenocepacia_J2315_uid57953	8676277	7963121	0.466898	0.465987
Burkholderia_383_uid58073	Burkholderia_cenocepacia_MC0_3_uid58769	8676277	7971389	0.444572	0.443832
Burkholderia_383_uid58073	Burkholderia_cepacia_GG4_uid173858	8676277	6467321	0.419337	0.411153
Burkholderia_383_uid58073	Burkholderia_gladioli_BSR3_uid66301	8676277	8114449	0.160779	0.160578
Burkholderia_383_uid58073	Burkholderia_glumae_BGR1_uid59397	8676277	6733840	0.170498	0.167950
Burkholderia_383_uid58073	Burkholderia_KJ006_uid165871	8676277	6584551	0.335773	0.329909
Burkholderia_383_uid58073	Burkholderia_mallei_ATCC_23344_uid57725	8676277	5835527	0.220292	0.212060
Burkholderia_383_uid58073	Burkholderia_mallei_NCTC_10229_uid58383	8676277	5742303	0.220951	0.212044
Burkholderia_383_uid58073	Burkholderia_mallei_NCTC_10247_uid58385	8676277	5848380	0.219598	0.211508
Burkholderia_383_uid58073	Burkholderia_mallei_SAVP1_uid58387	8676277	5232401	0.218596	0.205762
Burkholderia_383_uid58073	Burkholderia_multivorans_ATCC_17616_uid58697	8676277	6841200	0.329950	0.325611
Burkholderia_383_uid58073	Burkholderia_multivorans_ATCC_17616_uid58909	8676277	6841388	0.329943	0.325605
Burkholderia_383_uid58073	Burkholderia_phymatum_STM815_uid58699	8676277	6176561	0.101908	0.099511
Burkholderia_383_uid58073	Burkholderia_phytofirmans_PsJN_uid58729	8676277	8093536	0.096529	0.096488
Burkholderia_383_uid58073	Burkholderia_pseudomallei_1026b_uid162511	8676277	7231415	0.219727	0.217723
Burkholderia_383_uid58073	Burkholderia_pseudomallei_1106a_uid58515	8676277	7089249	0.221522	0.219087
Burkholderia_383_uid58073	Burkholderia_pseudomallei_1710b_uid58391	8676277	7308054	0.218310	0.216540
Burkholderia_383_uid58073	Burkholderia_pseudomallei_668_uid58389	8676277	7040403	0.221029	0.218444
Burkholderia_383_uid58073	Burkholderia_pseudomallei_K96243_uid57733	8676277	7247547	0.219094	0.217149
Burkholderia_383_uid58073	Burkholderia_pseudomallei_MSHR346_uid29855	8676277	4098576	0.210522	0.185379
Burkholderia_383_uid58073	Burkholderia_rhizoxinica_HKI_454_uid60487	8676277	2755309	0.049859	0.037216
Burkholderia_383_uid58073	Burkholderia_SAR_1	8676277	8455713	0.582931	0.582847
Burkholderia_383_uid58073	Burkholderia_thailandensis_E264_uid58081	8676277	6723972	0.217531	0.214029
Burkholderia_383_uid58073	Burkholderia_vietnamiensis_G4_uid58075	8676277	7305580	0.317163	0.315075
Burkholderia_383_uid58073	Burkholderia_xenovorans_LB400_uid57823	8676277	9731138	0.093878	0.093489
Burkholderia_383_uid58073	Burkholderia_YI23_uid81081	8676277	6473869	0.108302	0.106343
Burkholderia_383_uid58073	Candidatus_Burkholderia_kirkii_UZHbot1_uid74017_scaffold	8676277	2520398	0.075923	0.054435
Burkholderia_383_uid58073	Cupriavidus_metallidurans_CH34_uid57815	8676277	3928089	0.049891	0.043379
Burkholderia_ambifaria_AMMD_uid58303	Burkholderia_ambifaria_MC40_6_uid58701	7484986	7340944	0.767070	0.767006
Burkholderia_ambifaria_AMMD_uid58303	Burkholderia_CCGE1001_uid42975	7484986	6833751	0.111134	0.111015
Burkholderia_ambifaria_AMMD_uid58303	Burkholderia_CCGE1002_uid42523	7484986	7395722	0.134124	0.134133
Burkholderia_ambifaria_AMMD_uid58303	Burkholderia_CCGE1003_uid46253	7484986	7043595	0.099354	0.099329
Burkholderia_ambifaria_AMMD_uid58303	Burkholderia_cenocepacia_AU_1054_uid58371	7484986	7279116	0.437360	0.437268
Burkholderia_ambifaria_AMMD_uid58303	Burkholderia_cenocepacia_HI2424_uid58369	7484986	7537983	0.438902	0.438901
Burkholderia_ambifaria_AMMD_uid58303	Burkholderia_cenocepacia_J2315_uid57953	7484986	7963121	0.425532	0.425261
Burkholderia_ambifaria_AMMD_uid58303	Burkholderia_cenocepacia_MC0_3_uid58769	7484986	7971389	0.425404	0.425029
Burkholderia_ambifaria_AMMD_uid58303	Burkholderia_cepacia_GG4_uid173858	7484986	6467321	0.488845	0.486460
Burkholderia_ambifaria_AMMD_uid58303	Burkholderia_gladioli_BSR3_uid66301	7484986	8114449	0.176372	0.176151
Burkholderia_ambifaria_AMMD_uid58303	Burkholderia_glumae_BGR1_uid59397	7484986	6733840	0.184556	0.184070
Burkholderia_ambifaria_AMMD_uid58303	Burkholderia_KJ006_uid165871	7484986	6584551	0.409708	0.408148
Burkholderia_ambifaria_AMMD_uid58303	Burkholderia_mallei_ATCC_23344_uid57725	7484986	5835527	0.236658	0.232953
Burkholderia_ambifaria_AMMD_uid58303	Burkholderia_mallei_NCTC_10229_uid58383	7484986	5742303	0.237173	0.233000
Burkholderia_ambifaria_AMMD_uid58303	Burkholderia_mallei_NCTC_10247_uid58385	7484986	5848380	0.235929	0.232339
Burkholderia_ambifaria_AMMD_uid58303	Burkholderia_mallei_SAVP1_uid58387	7484986	5232401	0.234219	0.227037
Burkholderia_ambifaria_AMMD_uid58303	Burkholderia_multivorans_ATCC_17616_uid58697	7484986	6841200	0.358748	0.358026
Burkholderia_ambifaria_AMMD_uid58303	Burkholderia_multivorans_ATCC_17616_uid58909	7484986	6841388	0.358744	0.358023
Burkholderia_ambifaria_AMMD_uid58303	Burkholderia_phymatum_STM815_uid58699	7484986	6176561	0.108683	0.107952
Burkholderia_ambifaria_AMMD_uid58303	Burkholderia_phytofirmans_PsJN_uid58729	7484986	8093536	0.102410	0.102184
Burkholderia_ambifaria_AMMD_uid58303	Burkholderia_pseudomallei_1026b_uid162511	7484986	7231415	0.237247	0.237101
Burkholderia_ambifaria_AMMD_uid58303	Burkholderia_pseudomallei_1106a_uid58515	7484986	7089249	0.238458	0.238170
Burkholderia_ambifaria_AMMD_uid58303	Burkholderia_pseudomallei_1710b_uid58391	7484986	7308054	0.235792	0.235708
Burkholderia_ambifaria_AMMD_uid58303	Burkholderia_pseudomallei_668_uid58389	7484986	7040403	0.238780	0.238431
Burkholderia_ambifaria_AMMD_uid58303	Burkholderia_pseudomallei_K96243_uid57733	7484986	7247547	0.236229	0.236098
Burkholderia_ambifaria_AMMD_uid58303	Burkholderia_pseudomallei_MSHR346_uid29855	7484986	4098576	0.226244	0.208410
Burkholderia_ambifaria_AMMD_uid58303	Burkholderia_rhizoxinica_HKI_454_uid60487	7484986	2755309	0.051414	0.041141
Burkholderia_ambifaria_AMMD_uid58303	Burkholderia_SAR_1	7484986	8455713	0.408704	0.407288
Burkholderia_ambifaria_AMMD_uid58303	Burkholderia_thailandensis_E264_uid58081	7484986	6723972	0.233544	0.232780
Burkholderia_ambifaria_AMMD_uid58303	Burkholderia_vietnamiensis_G4_uid58075	7484986	7305580	0.388254	0.388214
Burkholderia_ambifaria_AMMD_uid58303	Burkholderia_xenovorans_LB400_uid57823	7484986	9731138	0.100662	0.098792
Burkholderia_ambifaria_AMMD_uid58303	Burkholderia_YI23_uid81081	7484986	6473869	0.115305	0.114850
Burkholderia_ambifaria_AMMD_uid58303	Candidatus_Burkholderia_kirkii_UZHbot1_uid74017_scaffold	7484986	2520398	0.079987	0.061700
Burkholderia_ambifaria_AMMD_uid58303	Cupriavidus_metallidurans_CH34_uid57815	7484986	3928089	0.051913	0.047285
Burkholderia_ambifaria_MC40_6_uid58701	Burkholderia_CCGE1001_uid42975	7340944	6833751	0.110220	0.110155
Burkholderia_ambifaria_MC40_6_uid58701	Burkholderia_CCGE1002_uid42523	7340944	7395722	0.134107	0.134098
Burkholderia_ambifaria_MC40_6_uid58701	Burkholderia_CCGE1003_uid46253	7340944	7043595	0.099417	0.099418
Burkholderia_ambifaria_MC40_6_uid58701	Burkholderia_cenocepacia_AU_1054_uid58371	7340944	7279116	0.432578	0.432565
Burkholderia_ambifaria_MC40_6_uid58701	Burkholderia_cenocepacia_HI2424_uid58369	7340944	7537983	0.434199	0.434146
Burkholderia_ambifaria_MC40_6_uid58701	Burkholderia_cenocepacia_J2315_uid57953	7340944	7963121	0.422187	0.421694
Burkholderia_ambifaria_MC40_6_uid58701	Burkholderia_cenocepacia_MC0_3_uid58769	7340944	7971389	0.423295	0.422669
Burkholderia_ambifaria_MC40_6_uid58701	Burkholderia_cepacia_GG4_uid173858	7340944	6467321	0.490321	0.488513
Burkholderia_ambifaria_MC40_6_uid58701	Burkholderia_gladioli_BSR3_uid66301	7340944	8114449	0.170899	0.170561
Burkholderia_ambifaria_MC40_6_uid58701	Burkholderia_glumae_BGR1_uid59397	7340944	6733840	0.181528	0.181198
Burkholderia_ambifaria_MC40_6_uid58701	Burkholderia_KJ006_uid165871	7340944	6584551	0.410611	0.409469
Burkholderia_ambifaria_MC40_6_uid58701	Burkholderia_mallei_ATCC_23344_uid57725	7340944	5835527	0.233925	0.230752
Burkholderia_ambifaria_MC40_6_uid58701	Burkholderia_mallei_NCTC_10229_uid58383	7340944	5742303	0.234281	0.230673
Burkholderia_ambifaria_MC40_6_uid58701	Burkholderia_mallei_NCTC_10247_uid58385	7340944	5848380	0.233245	0.230170
Burkholderia_ambifaria_MC40_6_uid58701	Burkholderia_mallei_SAVP1_uid58387	7340944	5232401	0.231860	0.225420
Burkholderia_ambifaria_MC40_6_uid58701	Burkholderia_multivorans_ATCC_17616_uid58697	7340944	6841200	0.358539	0.358071
Burkholderia_ambifaria_MC40_6_uid58701	Burkholderia_multivorans_ATCC_17616_uid58909	7340944	6841388	0.358534	0.358067
Burkholderia_ambifaria_MC40_6_uid58701	Burkholderia_phymatum_STM815_uid58699	7340944	6176561	0.109057	0.108461
Burkholderia_ambifaria_MC40_6_uid58701	Burkholderia_phytofirmans_PsJN_uid58729	7340944	8093536	0.102122	0.101801
Burkholderia_ambifaria_MC40_6_uid58701	Burkholderia_pseudomallei_1026b_uid162511	7340944	7231415	0.234384	0.234334
Burkholderia_ambifaria_MC40_6_uid58701	Burkholderia_pseudomallei_1106a_uid58515	7340944	7089249	0.235638	0.235487
Burkholderia_ambifaria_MC40_6_uid58701	Burkholderia_pseudomallei_1710b_uid58391	7340944	7308054	0.232821	0.232810
Burkholderia_ambifaria_MC40_6_uid58701	Burkholderia_pseudomallei_668_uid58389	7340944	7040403	0.236463	0.236263
Burkholderia_ambifaria_MC40_6_uid58701	Burkholderia_pseudomallei_K96243_uid57733	7340944	7247547	0.233468	0.233428
Burkholderia_ambifaria_MC40_6_uid58701	Burkholderia_pseudomallei_MSHR346_uid29855	7340944	4098576	0.222825	0.206246
Burkholderia_ambifaria_MC40_6_uid58701	Burkholderia_rhizoxinica_HKI_454_uid60487	7340944	2755309	0.051093	0.041257
Burkholderia_ambifaria_MC40_6_uid58701	Burkholderia_SAR_1	7340944	8455713	0.403504	0.401640
Burkholderia_ambifaria_MC40_6_uid58701	Burkholderia_thailandensis_E264_uid58081	7340944	6723972	0.232093	0.231548
Burkholderia_ambifaria_MC40_6_uid58701	Burkholderia_vietnamiensis_G4_uid58075	7340944	7305580	0.388925	0.388926
Burkholderia_ambifaria_MC40_6_uid58701	Burkholderia_xenovorans_LB400_uid57823	7340944	9731138	0.100093	0.097993
Burkholderia_ambifaria_MC40_6_uid58701	Burkholderia_YI23_uid81081	7340944	6473869	0.114712	0.114372
Burkholderia_ambifaria_MC40_6_uid58701	Candidatus_Burkholderia_kirkii_UZHbot1_uid74017_scaffold	7340944	2520398	0.079893	0.062160
Burkholderia_ambifaria_MC40_6_uid58701	Cupriavidus_metallidurans_CH34_uid57815	7340944	3928089	0.049637	0.045479
Burkholderia_CCGE1001_uid42975	Burkholderia_CCGE1002_uid42523	6833751	7395722	0.165874	0.165649
Burkholderia_CCGE1001_uid42975	Burkholderia_CCGE1003_uid46253	6833751	7043595	0.298324	0.298254
Burkholderia_CCGE1001_uid42975	Burkholderia_cenocepacia_AU_1054_uid58371	6833751	7279116	0.114078	0.114046
Burkholderia_CCGE1001_uid42975	Burkholderia_cenocepacia_HI2424_uid58369	6833751	7537983	0.113965	0.113830
Burkholderia_CCGE1001_uid42975	Burkholderia_cenocepacia_J2315_uid57953	6833751	7963121	0.113062	0.112681
Burkholderia_CCGE1001_uid42975	Burkholderia_cenocepacia_MC0_3_uid58769	6833751	7971389	0.112431	0.111991
Burkholderia_CCGE1001_uid42975	Burkholderia_cepacia_GG4_uid173858	6833751	6467321	0.106689	0.106564
Burkholderia_CCGE1001_uid42975	Burkholderia_gladioli_BSR3_uid66301	6833751	8114449	0.093398	0.092945
Burkholderia_CCGE1001_uid42975	Burkholderia_glumae_BGR1_uid59397	6833751	6733840	0.099986	0.099964
Burkholderia_CCGE1001_uid42975	Burkholderia_KJ006_uid165871	6833751	6584551	0.116060	0.115974
Burkholderia_CCGE1001_uid42975	Burkholderia_mallei_ATCC_23344_uid57725	6833751	5835527	0.117066	0.116051
Burkholderia_CCGE1001_uid42975	Burkholderia_mallei_NCTC_10229_uid58383	6833751	5742303	0.116933	0.115743
Burkholderia_CCGE1001_uid42975	Burkholderia_mallei_NCTC_10247_uid58385	6833751	5848380	0.116310	0.115334
Burkholderia_CCGE1001_uid42975	Burkholderia_mallei_SAVP1_uid58387	6833751	5232401	0.116458	0.114004
Burkholderia_CCGE1001_uid42975	Burkholderia_multivorans_ATCC_17616_uid58697	6833751	6841200	0.116261	0.116262
Burkholderia_CCGE1001_uid42975	Burkholderia_multivorans_ATCC_17616_uid58909	6833751	6841388	0.116259	0.116261
Burkholderia_CCGE1001_uid42975	Burkholderia_phymatum_STM815_uid58699	6833751	6176561	0.117024	0.116740
Burkholderia_CCGE1001_uid42975	Burkholderia_phytofirmans_PsJN_uid58729	6833751	8093536	0.182002	0.180749
Burkholderia_CCGE1001_uid42975	Burkholderia_pseudomallei_1026b_uid162511	6833751	7231415	0.116229	0.116287
Burkholderia_CCGE1001_uid42975	Burkholderia_pseudomallei_1106a_uid58515	6833751	7089249	0.116646	0.116700
Burkholderia_CCGE1001_uid42975	Burkholderia_pseudomallei_1710b_uid58391	6833751	7308054	0.115321	0.115363
Burkholderia_CCGE1001_uid42975	Burkholderia_pseudomallei_668_uid58389	6833751	7040403	0.116944	0.116995
Burkholderia_CCGE1001_uid42975	Burkholderia_pseudomallei_K96243_uid57733	6833751	7247547	0.116036	0.116090
Burkholderia_CCGE1001_uid42975	Burkholderia_pseudomallei_MSHR346_uid29855	6833751	4098576	0.114695	0.107266
Burkholderia_CCGE1001_uid42975	Burkholderia_rhizoxinica_HKI_454_uid60487	6833751	2755309	0.039156	0.032314
Burkholderia_CCGE1001_uid42975	Burkholderia_SAR_1	6833751	8455713	0.105011	0.104090
Burkholderia_CCGE1001_uid42975	Burkholderia_thailandensis_E264_uid58081	6833751	6723972	0.114225	0.114185
Burkholderia_CCGE1001_uid42975	Burkholderia_vietnamiensis_G4_uid58075	6833751	7305580	0.111583	0.111540
Burkholderia_CCGE1001_uid42975	Burkholderia_xenovorans_LB400_uid57823	6833751	9731138	0.170365	0.165376
Burkholderia_CCGE1001_uid42975	Burkholderia_YI23_uid81081	6833751	6473869	0.106568	0.106474
Burkholderia_CCGE1001_uid42975	Candidatus_Burkholderia_kirkii_UZHbot1_uid74017_scaffold	6833751	2520398	0.071162	0.056574
Burkholderia_CCGE1001_uid42975	Cupriavidus_metallidurans_CH34_uid57815	6833751	3928089	0.036035	0.033536
Burkholderia_CCGE1002_uid42523	Burkholderia_CCGE1003_uid46253	7395722	7043595	0.149815	0.149749
Burkholderia_CCGE1002_uid42523	Burkholderia_cenocepacia_AU_1054_uid58371	7395722	7279116	0.136515	0.136487
Burkholderia_CCGE1002_uid42523	Burkholderia_cenocepacia_HI2424_uid58369	7395722	7537983	0.136735	0.136747
Burkholderia_CCGE1002_uid42523	Burkholderia_cenocepacia_J2315_uid57953	7395722	7963121	0.136428	0.136377
Burkholderia_CCGE1002_uid42523	Burkholderia_cenocepacia_MC0_3_uid58769	7395722	7971389	0.134217	0.134130
Burkholderia_CCGE1002_uid42523	Burkholderia_cepacia_GG4_uid173858	7395722	6467321	0.129700	0.129037
Burkholderia_CCGE1002_uid42523	Burkholderia_gladioli_BSR3_uid66301	7395722	8114449	0.105862	0.105748
Burkholderia_CCGE1002_uid42523	Burkholderia_glumae_BGR1_uid59397	7395722	6733840	0.114829	0.114493
Burkholderia_CCGE1002_uid42523	Burkholderia_KJ006_uid165871	7395722	6584551	0.139763	0.139168
Burkholderia_CCGE1002_uid42523	Burkholderia_mallei_ATCC_23344_uid57725	7395722	5835527	0.136418	0.134160
Burkholderia_CCGE1002_uid42523	Burkholderia_mallei_NCTC_10229_uid58383	7395722	5742303	0.136616	0.134073
Burkholderia_CCGE1002_uid42523	Burkholderia_mallei_NCTC_10247_uid58385	7395722	5848380	0.135882	0.133687
Burkholderia_CCGE1002_uid42523	Burkholderia_mallei_SAVP1_uid58387	7395722	5232401	0.136436	0.132023
Burkholderia_CCGE1002_uid42523	Burkholderia_multivorans_ATCC_17616_uid58697	7395722	6841200	0.141953	0.141629
Burkholderia_CCGE1002_uid42523	Burkholderia_multivorans_ATCC_17616_uid58909	7395722	6841388	0.141952	0.141628
Burkholderia_CCGE1002_uid42523	Burkholderia_phymatum_STM815_uid58699	7395722	6176561	0.124312	0.123409
Burkholderia_CCGE1002_uid42523	Burkholderia_phytofirmans_PsJN_uid58729	7395722	8093536	0.170088	0.169719
Burkholderia_CCGE1002_uid42523	Burkholderia_pseudomallei_1026b_uid162511	7395722	7231415	0.135821	0.135746
Burkholderia_CCGE1002_uid42523	Burkholderia_pseudomallei_1106a_uid58515	7395722	7089249	0.136628	0.136459
Burkholderia_CCGE1002_uid42523	Burkholderia_pseudomallei_1710b_uid58391	7395722	7308054	0.134755	0.134720
Burkholderia_CCGE1002_uid42523	Burkholderia_pseudomallei_668_uid58389	7395722	7040403	0.137097	0.136891
Burkholderia_CCGE1002_uid42523	Burkholderia_pseudomallei_K96243_uid57733	7395722	7247547	0.135539	0.135473
Burkholderia_CCGE1002_uid42523	Burkholderia_pseudomallei_MSHR346_uid29855	7395722	4098576	0.133893	0.122905
Burkholderia_CCGE1002_uid42523	Burkholderia_rhizoxinica_HKI_454_uid60487	7395722	2755309	0.043449	0.034766
Burkholderia_CCGE1002_uid42523	Burkholderia_SAR_1	7395722	8455713	0.126306	0.125895
Burkholderia_CCGE1002_uid42523	Burkholderia_thailandensis_E264_uid58081	7395722	6723972	0.134195	0.133714
Burkholderia_CCGE1002_uid42523	Burkholderia_vietnamiensis_G4_uid58075	7395722	7305580	0.132645	0.132627
Burkholderia_CCGE1002_uid42523	Burkholderia_xenovorans_LB400_uid57823	7395722	9731138	0.159643	0.156732
Burkholderia_CCGE1002_uid42523	Burkholderia_YI23_uid81081	7395722	6473869	0.113786	0.113294
Burkholderia_CCGE1002_uid42523	Candidatus_Burkholderia_kirkii_UZHbot1_uid74017_scaffold	7395722	2520398	0.077733	0.059824
Burkholderia_CCGE1002_uid42523	Cupriavidus_metallidurans_CH34_uid57815	7395722	3928089	0.041410	0.037782
Burkholderia_CCGE1003_uid46253	Burkholderia_cenocepacia_AU_1054_uid58371	7043595	7279116	0.102606	0.102618
Burkholderia_CCGE1003_uid46253	Burkholderia_cenocepacia_HI2424_uid58369	7043595	7537983	0.102161	0.102131
Burkholderia_CCGE1003_uid46253	Burkholderia_cenocepacia_J2315_uid57953	7043595	7963121	0.101313	0.101125
Burkholderia_CCGE1003_uid46253	Burkholderia_cenocepacia_MC0_3_uid58769	7043595	7971389	0.101086	0.100856
Burkholderia_CCGE1003_uid46253	Burkholderia_cepacia_GG4_uid173858	7043595	6467321	0.096324	0.096085
Burkholderia_CCGE1003_uid46253	Burkholderia_gladioli_BSR3_uid66301	7043595	8114449	0.088317	0.088058
Burkholderia_CCGE1003_uid46253	Burkholderia_glumae_BGR1_uid59397	7043595	6733840	0.092434	0.092342
Burkholderia_CCGE1003_uid46253	Burkholderia_KJ006_uid165871	7043595	6584551	0.106209	0.106013
Burkholderia_CCGE1003_uid46253	Burkholderia_mallei_ATCC_23344_uid57725	7043595	5835527	0.104015	0.102807
Burkholderia_CCGE1003_uid46253	Burkholderia_mallei_NCTC_10229_uid58383	7043595	5742303	0.103857	0.102467
Burkholderia_CCGE1003_uid46253	Burkholderia_mallei_NCTC_10247_uid58385	7043595	5848380	0.103506	0.102336
Burkholderia_CCGE1003_uid46253	Burkholderia_mallei_SAVP1_uid58387	7043595	5232401	0.103944	0.101301
Burkholderia_CCGE1003_uid46253	Burkholderia_multivorans_ATCC_17616_uid58697	7043595	6841200	0.104740	0.104680
Burkholderia_CCGE1003_uid46253	Burkholderia_multivorans_ATCC_17616_uid58909	7043595	6841388	0.104738	0.104679
Burkholderia_CCGE1003_uid46253	Burkholderia_phymatum_STM815_uid58699	7043595	6176561	0.108091	0.107637
Burkholderia_CCGE1003_uid46253	Burkholderia_phytofirmans_PsJN_uid58729	7043595	8093536	0.169133	0.168338
Burkholderia_CCGE1003_uid46253	Burkholderia_pseudomallei_1026b_uid162511	7043595	7231415	0.103399	0.103441
Burkholderia_CCGE1003_uid46253	Burkholderia_pseudomallei_1106a_uid58515	7043595	7089249	0.103725	0.103738
Burkholderia_CCGE1003_uid46253	Burkholderia_pseudomallei_1710b_uid58391	7043595	7308054	0.102566	0.102612
Burkholderia_CCGE1003_uid46253	Burkholderia_pseudomallei_668_uid58389	7043595	7040403	0.104009	0.104008
Burkholderia_CCGE1003_uid46253	Burkholderia_pseudomallei_K96243_uid57733	7043595	7247547	0.102851	0.102893
Burkholderia_CCGE1003_uid46253	Burkholderia_pseudomallei_MSHR346_uid29855	7043595	4098576	0.102934	0.095481
Burkholderia_CCGE1003_uid46253	Burkholderia_rhizoxinica_HKI_454_uid60487	7043595	2755309	0.038374	0.031288
Burkholderia_CCGE1003_uid46253	Burkholderia_SAR_1	7043595	8455713	0.095489	0.094895
Burkholderia_CCGE1003_uid46253	Burkholderia_thailandensis_E264_uid58081	7043595	6723972	0.102157	0.102023
Burkholderia_CCGE1003_uid46253	Burkholderia_vietnamiensis_G4_uid58075	7043595	7305580	0.101366	0.101372
Burkholderia_CCGE1003_uid46253	Burkholderia_xenovorans_LB400_uid57823	7043595	9731138	0.157470	0.153628
Burkholderia_CCGE1003_uid46253	Burkholderia_YI23_uid81081	7043595	6473869	0.097292	0.097092
Burkholderia_CCGE1003_uid46253	Candidatus_Burkholderia_kirkii_UZHbot1_uid74017_scaffold	7043595	2520398	0.064171	0.050254
Burkholderia_CCGE1003_uid46253	Cupriavidus_metallidurans_CH34_uid57815	7043595	3928089	0.035767	0.033015
Burkholderia_cenocepacia_AU_1054_uid58371	Burkholderia_cenocepacia_HI2424_uid58369	7279116	7537983	0.980116	0.979831
Burkholderia_cenocepacia_AU_1054_uid58371	Burkholderia_cenocepacia_J2315_uid57953	7279116	7963121	0.647356	0.646311
Burkholderia_cenocepacia_AU_1054_uid58371	Burkholderia_cenocepacia_MC0_3_uid58769	7279116	7971389	0.835123	0.833463
Burkholderia_cenocepacia_AU_1054_uid58371	Burkholderia_cepacia_GG4_uid173858	7279116	6467321	0.428595	0.427301
Burkholderia_cenocepacia_AU_1054_uid58371	Burkholderia_gladioli_BSR3_uid66301	7279116	8114449	0.179642	0.179191
Burkholderia_cenocepacia_AU_1054_uid58371	Burkholderia_glumae_BGR1_uid59397	7279116	6733840	0.190053	0.189794
Burkholderia_cenocepacia_AU_1054_uid58371	Burkholderia_KJ006_uid165871	7279116	6584551	0.385015	0.384169
Burkholderia_cenocepacia_AU_1054_uid58371	Burkholderia_mallei_ATCC_23344_uid57725	7279116	5835527	0.241907	0.238950
Burkholderia_cenocepacia_AU_1054_uid58371	Burkholderia_mallei_NCTC_10229_uid58383	7279116	5742303	0.242298	0.238922
Burkholderia_cenocepacia_AU_1054_uid58371	Burkholderia_mallei_NCTC_10247_uid58385	7279116	5848380	0.241070	0.238209
Burkholderia_cenocepacia_AU_1054_uid58371	Burkholderia_mallei_SAVP1_uid58387	7279116	5232401	0.239091	0.232933
Burkholderia_cenocepacia_AU_1054_uid58371	Burkholderia_multivorans_ATCC_17616_uid58697	7279116	6841200	0.363424	0.363093
Burkholderia_cenocepacia_AU_1054_uid58371	Burkholderia_multivorans_ATCC_17616_uid58909	7279116	6841388	0.363420	0.363090
Burkholderia_cenocepacia_AU_1054_uid58371	Burkholderia_phymatum_STM815_uid58699	7279116	6176561	0.110602	0.110096
Burkholderia_cenocepacia_AU_1054_uid58371	Burkholderia_phytofirmans_PsJN_uid58729	7279116	8093536	0.104698	0.104283
Burkholderia_cenocepacia_AU_1054_uid58371	Burkholderia_pseudomallei_1026b_uid162511	7279116	7231415	0.241928	0.241912
Burkholderia_cenocepacia_AU_1054_uid58371	Burkholderia_pseudomallei_1106a_uid58515	7279116	7089249	0.243310	0.243218
Burkholderia_cenocepacia_AU_1054_uid58371	Burkholderia_pseudomallei_1710b_uid58391	7279116	7308054	0.240754	0.240761
Burkholderia_cenocepacia_AU_1054_uid58371	Burkholderia_pseudomallei_668_uid58389	7279116	7040403	0.244166	0.244037
Burkholderia_cenocepacia_AU_1054_uid58371	Burkholderia_pseudomallei_K96243_uid57733	7279116	7247547	0.241465	0.241455
Burkholderia_cenocepacia_AU_1054_uid58371	Burkholderia_pseudomallei_MSHR346_uid29855	7279116	4098576	0.230369	0.213786
Burkholderia_cenocepacia_AU_1054_uid58371	Burkholderia_rhizoxinica_HKI_454_uid60487	7279116	2755309	0.052805	0.042834
Burkholderia_cenocepacia_AU_1054_uid58371	Burkholderia_SAR_1	7279116	8455713	0.475075	0.472515
Burkholderia_cenocepacia_AU_1054_uid58371	Burkholderia_thailandensis_E264_uid58081	7279116	6723972	0.239004	0.238566
Burkholderia_cenocepacia_AU_1054_uid58371	Burkholderia_vietnamiensis_G4_uid58075	7279116	7305580	0.365430	0.365426
Burkholderia_cenocepacia_AU_1054_uid58371	Burkholderia_xenovorans_LB400_uid57823	7279116	9731138	0.103889	0.101537
Burkholderia_cenocepacia_AU_1054_uid58371	Burkholderia_YI23_uid81081	7279116	6473869	0.118443	0.118163
Burkholderia_cenocepacia_AU_1054_uid58371	Candidatus_Burkholderia_kirkii_UZHbot1_uid74017_scaffold	7279116	2520398	0.081066	0.063541
Burkholderia_cenocepacia_AU_1054_uid58371	Cupriavidus_metallidurans_CH34_uid57815	7279116	3928089	0.051163	0.047094
Burkholderia_cenocepacia_HI2424_uid58369	Burkholderia_cenocepacia_J2315_uid57953	7537983	7963121	0.653092	0.652732
Burkholderia_cenocepacia_HI2424_uid58369	Burkholderia_cenocepacia_MC0_3_uid58769	7537983	7971389	0.844119	0.843481
Burkholderia_cenocepacia_HI2424_uid58369	Burkholderia_cepacia_GG4_uid173858	7537983	6467321	0.429589	0.427404
Burkholderia_cenocepacia_HI2424_uid58369	Burkholderia_gladioli_BSR3_uid66301	7537983	8114449	0.179980	0.179774
Burkholderia_cenocepacia_HI2424_uid58369	Burkholderia_glumae_BGR1_uid59397	7537983	6733840	0.190176	0.189634
Burkholderia_cenocepacia_HI2424_uid58369	Burkholderia_KJ006_uid165871	7537983	6584551	0.385806	0.384265
Burkholderia_cenocepacia_HI2424_uid58369	Burkholderia_mallei_ATCC_23344_uid57725	7537983	5835527	0.241463	0.237605
Burkholderia_cenocepacia_HI2424_uid58369	Burkholderia_mallei_NCTC_10229_uid58383	7537983	5742303	0.241937	0.237602
Burkholderia_cenocepacia_HI2424_uid58369	Burkholderia_mallei_NCTC_10247_uid58385	7537983	5848380	0.240529	0.236786
Burkholderia_cenocepacia_HI2424_uid58369	Burkholderia_mallei_SAVP1_uid58387	7537983	5232401	0.238766	0.231352
Burkholderia_cenocepacia_HI2424_uid58369	Burkholderia_multivorans_ATCC_17616_uid58697	7537983	6841200	0.364449	0.363661
Burkholderia_cenocepacia_HI2424_uid58369	Burkholderia_multivorans_ATCC_17616_uid58909	7537983	6841388	0.364445	0.363658
Burkholderia_cenocepacia_HI2424_uid58369	Burkholderia_phymatum_STM815_uid58699	7537983	6176561	0.110535	0.109751
Burkholderia_cenocepacia_HI2424_uid58369	Burkholderia_phytofirmans_PsJN_uid58729	7537983	8093536	0.104802	0.104582
Burkholderia_cenocepacia_HI2424_uid58369	Burkholderia_pseudomallei_1026b_uid162511	7537983	7231415	0.241454	0.241279
Burkholderia_cenocepacia_HI2424_uid58369	Burkholderia_pseudomallei_1106a_uid58515	7537983	7089249	0.242794	0.242470
Burkholderia_cenocepacia_HI2424_uid58369	Burkholderia_pseudomallei_1710b_uid58391	7537983	7308054	0.240179	0.240071
Burkholderia_cenocepacia_HI2424_uid58369	Burkholderia_pseudomallei_668_uid58389	7537983	7040403	0.243855	0.243469
Burkholderia_cenocepacia_HI2424_uid58369	Burkholderia_pseudomallei_K96243_uid57733	7537983	7247547	0.240922	0.240764
Burkholderia_cenocepacia_HI2424_uid58369	Burkholderia_pseudomallei_MSHR346_uid29855	7537983	4098576	0.229898	0.211486
Burkholderia_cenocepacia_HI2424_uid58369	Burkholderia_rhizoxinica_HKI_454_uid60487	7537983	2755309	0.053047	0.042376
Burkholderia_cenocepacia_HI2424_uid58369	Burkholderia_SAR_1	7537983	8455713	0.478326	0.476780
Burkholderia_cenocepacia_HI2424_uid58369	Burkholderia_thailandensis_E264_uid58081	7537983	6723972	0.238970	0.238145
Burkholderia_cenocepacia_HI2424_uid58369	Burkholderia_vietnamiensis_G4_uid58075	7537983	7305580	0.365214	0.365168
Burkholderia_cenocepacia_HI2424_uid58369	Burkholderia_xenovorans_LB400_uid57823	7537983	9731138	0.103729	0.101870
Burkholderia_cenocepacia_HI2424_uid58369	Burkholderia_YI23_uid81081	7537983	6473869	0.118728	0.118219
Burkholderia_cenocepacia_HI2424_uid58369	Candidatus_Burkholderia_kirkii_UZHbot1_uid74017_scaffold	7537983	2520398	0.081077	0.062539
Burkholderia_cenocepacia_HI2424_uid58369	Cupriavidus_metallidurans_CH34_uid57815	7537983	3928089	0.051147	0.046603
Burkholderia_cenocepacia_J2315_uid57953	Burkholderia_cenocepacia_MC0_3_uid58769	7963121	7971389	0.636636	0.636634
Burkholderia_cenocepacia_J2315_uid57953	Burkholderia_cepacia_GG4_uid173858	7963121	6467321	0.436917	0.432991
Burkholderia_cenocepacia_J2315_uid57953	Burkholderia_gladioli_BSR3_uid66301	7963121	8114449	0.177926	0.177908
Burkholderia_cenocepacia_J2315_uid57953	Burkholderia_glumae_BGR1_uid59397	7963121	6733840	0.189128	0.188010
Burkholderia_cenocepacia_J2315_uid57953	Burkholderia_KJ006_uid165871	7963121	6584551	0.377280	0.374454
Burkholderia_cenocepacia_J2315_uid57953	Burkholderia_mallei_ATCC_23344_uid57725	7963121	5835527	0.243941	0.238501
Burkholderia_cenocepacia_J2315_uid57953	Burkholderia_mallei_NCTC_10229_uid58383	7963121	5742303	0.243939	0.237929
Burkholderia_cenocepacia_J2315_uid57953	Burkholderia_mallei_NCTC_10247_uid58385	7963121	5848380	0.242754	0.237447
Burkholderia_cenocepacia_J2315_uid57953	Burkholderia_mallei_SAVP1_uid58387	7963121	5232401	0.241175	0.231625
Burkholderia_cenocepacia_J2315_uid57953	Burkholderia_multivorans_ATCC_17616_uid58697	7963121	6841200	0.371032	0.369214
Burkholderia_cenocepacia_J2315_uid57953	Burkholderia_multivorans_ATCC_17616_uid58909	7963121	6841388	0.371026	0.369209
Burkholderia_cenocepacia_J2315_uid57953	Burkholderia_phymatum_STM815_uid58699	7963121	6176561	0.109500	0.108243
Burkholderia_cenocepacia_J2315_uid57953	Burkholderia_phytofirmans_PsJN_uid58729	7963121	8093536	0.104179	0.104149
Burkholderia_cenocepacia_J2315_uid57953	Burkholderia_pseudomallei_1026b_uid162511	7963121	7231415	0.243915	0.243271
Burkholderia_cenocepacia_J2315_uid57953	Burkholderia_pseudomallei_1106a_uid58515	7963121	7089249	0.245175	0.244275
Burkholderia_cenocepacia_J2315_uid57953	Burkholderia_pseudomallei_1710b_uid58391	7963121	7308054	0.241737	0.241237
Burkholderia_cenocepacia_J2315_uid57953	Burkholderia_pseudomallei_668_uid58389	7963121	7040403	0.244831	0.243834
Burkholderia_cenocepacia_J2315_uid57953	Burkholderia_pseudomallei_K96243_uid57733	7963121	7247547	0.243121	0.242512
Burkholderia_cenocepacia_J2315_uid57953	Burkholderia_pseudomallei_MSHR346_uid29855	7963121	4098576	0.230817	0.209585
Burkholderia_cenocepacia_J2315_uid57953	Burkholderia_rhizoxinica_HKI_454_uid60487	7963121	2755309	0.053277	0.041688
Burkholderia_cenocepacia_J2315_uid57953	Burkholderia_SAR_1	7963121	8455713	0.472979	0.472474
Burkholderia_cenocepacia_J2315_uid57953	Burkholderia_thailandensis_E264_uid58081	7963121	6723972	0.241296	0.239646
Burkholderia_cenocepacia_J2315_uid57953	Burkholderia_vietnamiensis_G4_uid58075	7963121	7305580	0.359090	0.358666
Burkholderia_cenocepacia_J2315_uid57953	Burkholderia_xenovorans_LB400_uid57823	7963121	9731138	0.103712	0.102460
Burkholderia_cenocepacia_J2315_uid57953	Burkholderia_YI23_uid81081	7963121	6473869	0.119201	0.118290
Burkholderia_cenocepacia_J2315_uid57953	Candidatus_Burkholderia_kirkii_UZHbot1_uid74017_scaffold	7963121	2520398	0.081260	0.061380
Burkholderia_cenocepacia_J2315_uid57953	Cupriavidus_metallidurans_CH34_uid57815	7963121	3928089	0.052209	0.046878
Burkholderia_cenocepacia_MC0_3_uid58769	Burkholderia_cepacia_GG4_uid173858	7971389	6467321	0.417943	0.413863
Burkholderia_cenocepacia_MC0_3_uid58769	Burkholderia_gladioli_BSR3_uid66301	7971389	8114449	0.176926	0.176919
Burkholderia_cenocepacia_MC0_3_uid58769	Burkholderia_glumae_BGR1_uid59397	7971389	6733840	0.187229	0.186018
Burkholderia_cenocepacia_MC0_3_uid58769	Burkholderia_KJ006_uid165871	7971389	6584551	0.374899	0.371810
Burkholderia_cenocepacia_MC0_3_uid58769	Burkholderia_mallei_ATCC_23344_uid57725	7971389	5835527	0.237559	0.231995
Burkholderia_cenocepacia_MC0_3_uid58769	Burkholderia_mallei_NCTC_10229_uid58383	7971389	5742303	0.237838	0.231710
Burkholderia_cenocepacia_MC0_3_uid58769	Burkholderia_mallei_NCTC_10247_uid58385	7971389	5848380	0.236470	0.231046
Burkholderia_cenocepacia_MC0_3_uid58769	Burkholderia_mallei_SAVP1_uid58387	7971389	5232401	0.234948	0.225305
Burkholderia_cenocepacia_MC0_3_uid58769	Burkholderia_multivorans_ATCC_17616_uid58697	7971389	6841200	0.357378	0.355427
Burkholderia_cenocepacia_MC0_3_uid58769	Burkholderia_multivorans_ATCC_17616_uid58909	7971389	6841388	0.357372	0.355421
Burkholderia_cenocepacia_MC0_3_uid58769	Burkholderia_phymatum_STM815_uid58699	7971389	6176561	0.108628	0.107269
Burkholderia_cenocepacia_MC0_3_uid58769	Burkholderia_phytofirmans_PsJN_uid58729	7971389	8093536	0.102596	0.102571
Burkholderia_cenocepacia_MC0_3_uid58769	Burkholderia_pseudomallei_1026b_uid162511	7971389	7231415	0.237771	0.237061
Burkholderia_cenocepacia_MC0_3_uid58769	Burkholderia_pseudomallei_1106a_uid58515	7971389	7089249	0.238979	0.238005
Burkholderia_cenocepacia_MC0_3_uid58769	Burkholderia_pseudomallei_1710b_uid58391	7971389	7308054	0.236276	0.235707
Burkholderia_cenocepacia_MC0_3_uid58769	Burkholderia_pseudomallei_668_uid58389	7971389	7040403	0.239483	0.238412
Burkholderia_cenocepacia_MC0_3_uid58769	Burkholderia_pseudomallei_K96243_uid57733	7971389	7247547	0.237088	0.236419
Burkholderia_cenocepacia_MC0_3_uid58769	Burkholderia_pseudomallei_MSHR346_uid29855	7971389	4098576	0.226436	0.204999
Burkholderia_cenocepacia_MC0_3_uid58769	Burkholderia_rhizoxinica_HKI_454_uid60487	7971389	2755309	0.052495	0.040862
Burkholderia_cenocepacia_MC0_3_uid58769	Burkholderia_SAR_1	7971389	8455713	0.464652	0.464258
Burkholderia_cenocepacia_MC0_3_uid58769	Burkholderia_thailandensis_E264_uid58081	7971389	6723972	0.233845	0.232100
Burkholderia_cenocepacia_MC0_3_uid58769	Burkholderia_vietnamiensis_G4_uid58075	7971389	7305580	0.352809	0.352258
Burkholderia_cenocepacia_MC0_3_uid58769	Burkholderia_xenovorans_LB400_uid57823	7971389	9731138	0.101406	0.100251
Burkholderia_cenocepacia_MC0_3_uid58769	Burkholderia_YI23_uid81081	7971389	6473869	0.116723	0.115716
Burkholderia_cenocepacia_MC0_3_uid58769	Candidatus_Burkholderia_kirkii_UZHbot1_uid74017_scaffold	7971389	2520398	0.080037	0.060053
Burkholderia_cenocepacia_MC0_3_uid58769	Cupriavidus_metallidurans_CH34_uid57815	7971389	3928089	0.050575	0.045281
Burkholderia_cepacia_GG4_uid173858	Burkholderia_gladioli_BSR3_uid66301	6467321	8114449	0.166477	0.164672
Burkholderia_cepacia_GG4_uid173858	Burkholderia_glumae_BGR1_uid59397	6467321	6733840	0.177467	0.177416
Burkholderia_cepacia_GG4_uid173858	Burkholderia_KJ006_uid165871	6467321	6584551	0.394194	0.394175
Burkholderia_cepacia_GG4_uid173858	Burkholderia_mallei_ATCC_23344_uid57725	6467321	5835527	0.232359	0.231611
Burkholderia_cepacia_GG4_uid173858	Burkholderia_mallei_NCTC_10229_uid58383	6467321	5742303	0.232985	0.232013
Burkholderia_cepacia_GG4_uid173858	Burkholderia_mallei_NCTC_10247_uid58385	6467321	5848380	0.231588	0.230882
Burkholderia_cepacia_GG4_uid173858	Burkholderia_mallei_SAVP1_uid58387	6467321	5232401	0.230136	0.227440
Burkholderia_cepacia_GG4_uid173858	Burkholderia_multivorans_ATCC_17616_uid58697	6467321	6841200	0.351496	0.351283
Burkholderia_cepacia_GG4_uid173858	Burkholderia_multivorans_ATCC_17616_uid58909	6467321	6841388	0.351492	0.351280
Burkholderia_cepacia_GG4_uid173858	Burkholderia_phymatum_STM815_uid58699	6467321	6176561	0.106003	0.105991
Burkholderia_cepacia_GG4_uid173858	Burkholderia_phytofirmans_PsJN_uid58729	6467321	8093536	0.099359	0.097989
Burkholderia_cepacia_GG4_uid173858	Burkholderia_pseudomallei_1026b_uid162511	6467321	7231415	0.231880	0.231501
Burkholderia_cepacia_GG4_uid173858	Burkholderia_pseudomallei_1106a_uid58515	6467321	7089249	0.232886	0.232670
Burkholderia_cepacia_GG4_uid173858	Burkholderia_pseudomallei_1710b_uid58391	6467321	7308054	0.230545	0.230052
Burkholderia_cepacia_GG4_uid173858	Burkholderia_pseudomallei_668_uid58389	6467321	7040403	0.233363	0.233197
Burkholderia_cepacia_GG4_uid173858	Burkholderia_pseudomallei_K96243_uid57733	6467321	7247547	0.231308	0.230905
Burkholderia_cepacia_GG4_uid173858	Burkholderia_pseudomallei_MSHR346_uid29855	6467321	4098576	0.221561	0.211079
Burkholderia_cepacia_GG4_uid173858	Burkholderia_rhizoxinica_HKI_454_uid60487	6467321	2755309	0.050943	0.043237
Burkholderia_cepacia_GG4_uid173858	Burkholderia_SAR_1	6467321	8455713	0.414093	0.407305
Burkholderia_cepacia_GG4_uid173858	Burkholderia_thailandensis_E264_uid58081	6467321	6723972	0.230725	0.230713
Burkholderia_cepacia_GG4_uid173858	Burkholderia_vietnamiensis_G4_uid58075	6467321	7305580	0.374693	0.373401
Burkholderia_cepacia_GG4_uid173858	Burkholderia_xenovorans_LB400_uid57823	6467321	9731138	0.098454	0.094345
Burkholderia_cepacia_GG4_uid173858	Burkholderia_YI23_uid81081	6467321	6473869	0.112165	0.112164
Burkholderia_cepacia_GG4_uid173858	Candidatus_Burkholderia_kirkii_UZHbot1_uid74017_scaffold	6467321	2520398	0.077065	0.063283
Burkholderia_cepacia_GG4_uid173858	Cupriavidus_metallidurans_CH34_uid57815	6467321	3928089	0.048885	0.046276
Burkholderia_gladioli_BSR3_uid66301	Burkholderia_glumae_BGR1_uid59397	8114449	6733840	0.289071	0.287013
Burkholderia_gladioli_BSR3_uid66301	Burkholderia_KJ006_uid165871	8114449	6584551	0.180585	0.178845
Burkholderia_gladioli_BSR3_uid66301	Burkholderia_mallei_ATCC_23344_uid57725	8114449	5835527	0.173050	0.168501
Burkholderia_gladioli_BSR3_uid66301	Burkholderia_mallei_NCTC_10229_uid58383	8114449	5742303	0.173289	0.168303
Burkholderia_gladioli_BSR3_uid66301	Burkholderia_mallei_NCTC_10247_uid58385	8114449	5848380	0.172816	0.168363
Burkholderia_gladioli_BSR3_uid66301	Burkholderia_mallei_SAVP1_uid58387	8114449	5232401	0.172362	0.164611
Burkholderia_gladioli_BSR3_uid66301	Burkholderia_multivorans_ATCC_17616_uid58697	8114449	6841200	0.171831	0.170685
Burkholderia_gladioli_BSR3_uid66301	Burkholderia_multivorans_ATCC_17616_uid58909	8114449	6841388	0.171832	0.170686
Burkholderia_gladioli_BSR3_uid66301	Burkholderia_phymatum_STM815_uid58699	8114449	6176561	0.082329	0.081123
Burkholderia_gladioli_BSR3_uid66301	Burkholderia_phytofirmans_PsJN_uid58729	8114449	8093536	0.091552	0.091555
Burkholderia_gladioli_BSR3_uid66301	Burkholderia_pseudomallei_1026b_uid162511	8114449	7231415	0.174172	0.173461
Burkholderia_gladioli_BSR3_uid66301	Burkholderia_pseudomallei_1106a_uid58515	8114449	7089249	0.175823	0.174894
Burkholderia_gladioli_BSR3_uid66301	Burkholderia_pseudomallei_1710b_uid58391	8114449	7308054	0.172637	0.172056
Burkholderia_gladioli_BSR3_uid66301	Burkholderia_pseudomallei_668_uid58389	8114449	7040403	0.174926	0.173914
Burkholderia_gladioli_BSR3_uid66301	Burkholderia_pseudomallei_K96243_uid57733	8114449	7247547	0.173263	0.172594
Burkholderia_gladioli_BSR3_uid66301	Burkholderia_pseudomallei_MSHR346_uid29855	8114449	4098576	0.167481	0.150546
Burkholderia_gladioli_BSR3_uid66301	Burkholderia_rhizoxinica_HKI_454_uid60487	8114449	2755309	0.049565	0.038387
Burkholderia_gladioli_BSR3_uid66301	Burkholderia_SAR_1	8114449	8455713	0.167657	0.167566
Burkholderia_gladioli_BSR3_uid66301	Burkholderia_thailandensis_E264_uid58081	8114449	6723972	0.166499	0.165003
Burkholderia_gladioli_BSR3_uid66301	Burkholderia_vietnamiensis_G4_uid58075	8114449	7305580	0.172210	0.171833
Burkholderia_gladioli_BSR3_uid66301	Burkholderia_xenovorans_LB400_uid57823	8114449	9731138	0.092837	0.091899
Burkholderia_gladioli_BSR3_uid66301	Burkholderia_YI23_uid81081	8114449	6473869	0.093228	0.092284
Burkholderia_gladioli_BSR3_uid66301	Candidatus_Burkholderia_kirkii_UZHbot1_uid74017_scaffold	8114449	2520398	0.067245	0.049901
Burkholderia_gladioli_BSR3_uid66301	Cupriavidus_metallidurans_CH34_uid57815	8114449	3928089	0.059433	0.053057
Burkholderia_glumae_BGR1_uid59397	Burkholderia_KJ006_uid165871	6733840	6584551	0.199957	0.199935
Burkholderia_glumae_BGR1_uid59397	Burkholderia_mallei_ATCC_23344_uid57725	6733840	5835527	0.195902	0.194765
Burkholderia_glumae_BGR1_uid59397	Burkholderia_mallei_NCTC_10229_uid58383	6733840	5742303	0.196255	0.194870
Burkholderia_glumae_BGR1_uid59397	Burkholderia_mallei_NCTC_10247_uid58385	6733840	5848380	0.195379	0.194292
Burkholderia_glumae_BGR1_uid59397	Burkholderia_mallei_SAVP1_uid58387	6733840	5232401	0.195079	0.191942
Burkholderia_glumae_BGR1_uid59397	Burkholderia_multivorans_ATCC_17616_uid58697	6733840	6841200	0.189508	0.189500
Burkholderia_glumae_BGR1_uid59397	Burkholderia_multivorans_ATCC_17616_uid58909	6733840	6841388	0.189500	0.189492
Burkholderia_glumae_BGR1_uid59397	Burkholderia_phymatum_STM815_uid58699	6733840	6176561	0.089219	0.089135
Burkholderia_glumae_BGR1_uid59397	Burkholderia_phytofirmans_PsJN_uid58729	6733840	8093536	0.092769	0.091823
Burkholderia_glumae_BGR1_uid59397	Burkholderia_pseudomallei_1026b_uid162511	6733840	7231415	0.197697	0.197642
Burkholderia_glumae_BGR1_uid59397	Burkholderia_pseudomallei_1106a_uid58515	6733840	7089249	0.197400	0.197400
Burkholderia_glumae_BGR1_uid59397	Burkholderia_pseudomallei_1710b_uid58391	6733840	7308054	0.195471	0.195356
Burkholderia_glumae_BGR1_uid59397	Burkholderia_pseudomallei_668_uid58389	6733840	7040403	0.197964	0.197977
Burkholderia_glumae_BGR1_uid59397	Burkholderia_pseudomallei_K96243_uid57733	6733840	7247547	0.196433	0.196367
Burkholderia_glumae_BGR1_uid59397	Burkholderia_pseudomallei_MSHR346_uid29855	6733840	4098576	0.190011	0.179569
Burkholderia_glumae_BGR1_uid59397	Burkholderia_rhizoxinica_HKI_454_uid60487	6733840	2755309	0.051435	0.043127
Burkholderia_glumae_BGR1_uid59397	Burkholderia_SAR_1	6733840	8455713	0.176116	0.173948
Burkholderia_glumae_BGR1_uid59397	Burkholderia_thailandensis_E264_uid58081	6733840	6723972	0.190181	0.190179
Burkholderia_glumae_BGR1_uid59397	Burkholderia_vietnamiensis_G4_uid58075	6733840	7305580	0.189561	0.189249
Burkholderia_glumae_BGR1_uid59397	Burkholderia_xenovorans_LB400_uid57823	6733840	9731138	0.094499	0.091152
Burkholderia_glumae_BGR1_uid59397	Burkholderia_YI23_uid81081	6733840	6473869	0.099686	0.099677
Burkholderia_glumae_BGR1_uid59397	Candidatus_Burkholderia_kirkii_UZHbot1_uid74017_scaffold	6733840	2520398	0.069907	0.056579
Burkholderia_glumae_BGR1_uid59397	Cupriavidus_metallidurans_CH34_uid57815	6733840	3928089	0.053601	0.050356
Burkholderia_KJ006_uid165871	Burkholderia_mallei_ATCC_23344_uid57725	6584551	5835527	0.243977	0.242974
Burkholderia_KJ006_uid165871	Burkholderia_mallei_NCTC_10229_uid58383	6584551	5742303	0.243577	0.242330
Burkholderia_KJ006_uid165871	Burkholderia_mallei_NCTC_10247_uid58385	6584551	5848380	0.242809	0.241864
Burkholderia_KJ006_uid165871	Burkholderia_mallei_SAVP1_uid58387	6584551	5232401	0.241268	0.238117
Burkholderia_KJ006_uid165871	Burkholderia_multivorans_ATCC_17616_uid58697	6584551	6841200	0.347648	0.347550
Burkholderia_KJ006_uid165871	Burkholderia_multivorans_ATCC_17616_uid58909	6584551	6841388	0.347642	0.347544
Burkholderia_KJ006_uid165871	Burkholderia_phymatum_STM815_uid58699	6584551	6176561	0.112405	0.112372
Burkholderia_KJ006_uid165871	Burkholderia_phytofirmans_PsJN_uid58729	6584551	8093536	0.106909	0.105582
Burkholderia_KJ006_uid165871	Burkholderia_pseudomallei_1026b_uid162511	6584551	7231415	0.244877	0.244619
Burkholderia_KJ006_uid165871	Burkholderia_pseudomallei_1106a_uid58515	6584551	7089249	0.246416	0.246286
Burkholderia_KJ006_uid165871	Burkholderia_pseudomallei_1710b_uid58391	6584551	7308054	0.243388	0.243028
Burkholderia_KJ006_uid165871	Burkholderia_pseudomallei_668_uid58389	6584551	7040403	0.247118	0.247029
Burkholderia_KJ006_uid165871	Burkholderia_pseudomallei_K96243_uid57733	6584551	7247547	0.244142	0.243861
Burkholderia_KJ006_uid165871	Burkholderia_pseudomallei_MSHR346_uid29855	6584551	4098576	0.232121	0.220599
Burkholderia_KJ006_uid165871	Burkholderia_rhizoxinica_HKI_454_uid60487	6584551	2755309	0.053764	0.045464
Burkholderia_KJ006_uid165871	Burkholderia_SAR_1	6584551	8455713	0.353919	0.348797
Burkholderia_KJ006_uid165871	Burkholderia_thailandensis_E264_uid58081	6584551	6723972	0.241567	0.241572
Burkholderia_KJ006_uid165871	Burkholderia_vietnamiensis_G4_uid58075	6584551	7305580	0.843461	0.841239
Burkholderia_KJ006_uid165871	Burkholderia_xenovorans_LB400_uid57823	6584551	9731138	0.107276	0.103053
Burkholderia_KJ006_uid165871	Burkholderia_YI23_uid81081	6584551	6473869	0.120293	0.120301
Burkholderia_KJ006_uid165871	Candidatus_Burkholderia_kirkii_UZHbot1_uid74017_scaffold	6584551	2520398	0.081928	0.067019
Burkholderia_KJ006_uid165871	Cupriavidus_metallidurans_CH34_uid57815	6584551	3928089	0.050732	0.047850
Burkholderia_mallei_ATCC_23344_uid57725	Burkholderia_mallei_NCTC_10229_uid58383	5835527	5742303	0.973654	0.973603
Burkholderia_mallei_ATCC_23344_uid57725	Burkholderia_mallei_NCTC_10247_uid58385	5835527	5848380	0.975944	0.975942
Burkholderia_mallei_ATCC_23344_uid57725	Burkholderia_mallei_SAVP1_uid58387	5835527	5232401	0.937511	0.934974
Burkholderia_mallei_ATCC_23344_uid57725	Burkholderia_multivorans_ATCC_17616_uid58697	5835527	6841200	0.255188	0.253535
Burkholderia_mallei_ATCC_23344_uid57725	Burkholderia_multivorans_ATCC_17616_uid58909	5835527	6841388	0.255179	0.253525
Burkholderia_mallei_ATCC_23344_uid57725	Burkholderia_phymatum_STM815_uid58699	5835527	6176561	0.113682	0.113497
Burkholderia_mallei_ATCC_23344_uid57725	Burkholderia_phytofirmans_PsJN_uid58729	5835527	8093536	0.102169	0.099076
Burkholderia_mallei_ATCC_23344_uid57725	Burkholderia_pseudomallei_1026b_uid162511	5835527	7231415	0.864375	0.855463
Burkholderia_mallei_ATCC_23344_uid57725	Burkholderia_pseudomallei_1106a_uid58515	5835527	7089249	0.869232	0.861850
Burkholderia_mallei_ATCC_23344_uid57725	Burkholderia_pseudomallei_1710b_uid58391	5835527	7308054	0.858430	0.848596
Burkholderia_mallei_ATCC_23344_uid57725	Burkholderia_pseudomallei_668_uid58389	5835527	7040403	0.861999	0.855213
Burkholderia_mallei_ATCC_23344_uid57725	Burkholderia_pseudomallei_K96243_uid57733	5835527	7247547	0.861993	0.852906
Burkholderia_mallei_ATCC_23344_uid57725	Burkholderia_pseudomallei_MSHR346_uid29855	5835527	4098576	0.721217	0.701470
Burkholderia_mallei_ATCC_23344_uid57725	Burkholderia_rhizoxinica_HKI_454_uid60487	5835527	2755309	0.054579	0.048297
Burkholderia_mallei_ATCC_23344_uid57725	Burkholderia_SAR_1	5835527	8455713	0.222959	0.215558
Burkholderia_mallei_ATCC_23344_uid57725	Burkholderia_thailandensis_E264_uid58081	5835527	6723972	0.534501	0.532044
Burkholderia_mallei_ATCC_23344_uid57725	Burkholderia_vietnamiensis_G4_uid58075	5835527	7305580	0.233813	0.230723
Burkholderia_mallei_ATCC_23344_uid57725	Burkholderia_xenovorans_LB400_uid57823	5835527	9731138	0.103453	0.096520
Burkholderia_mallei_ATCC_23344_uid57725	Burkholderia_YI23_uid81081	5835527	6473869	0.130608	0.130077
Burkholderia_mallei_ATCC_23344_uid57725	Candidatus_Burkholderia_kirkii_UZHbot1_uid74017_scaffold	5835527	2520398	0.087436	0.075372
Burkholderia_mallei_ATCC_23344_uid57725	Cupriavidus_metallidurans_CH34_uid57815	5835527	3928089	0.045336	0.043898
Burkholderia_mallei_NCTC_10229_uid58383	Burkholderia_mallei_NCTC_10247_uid58385	5742303	5848380	0.988580	0.988503
Burkholderia_mallei_NCTC_10229_uid58383	Burkholderia_mallei_SAVP1_uid58387	5742303	5232401	0.935481	0.933564
Burkholderia_mallei_NCTC_10229_uid58383	Burkholderia_multivorans_ATCC_17616_uid58697	5742303	6841200	0.255090	0.253107
Burkholderia_mallei_NCTC_10229_uid58383	Burkholderia_multivorans_ATCC_17616_uid58909	5742303	6841388	0.255081	0.253097
Burkholderia_mallei_NCTC_10229_uid58383	Burkholderia_phymatum_STM815_uid58699	5742303	6176561	0.113531	0.113261
Burkholderia_mallei_NCTC_10229_uid58383	Burkholderia_phytofirmans_PsJN_uid58729	5742303	8093536	0.102213	0.098842
Burkholderia_mallei_NCTC_10229_uid58383	Burkholderia_pseudomallei_1026b_uid162511	5742303	7231415	0.861615	0.851354
Burkholderia_mallei_NCTC_10229_uid58383	Burkholderia_pseudomallei_1106a_uid58515	5742303	7089249	0.866822	0.858185
Burkholderia_mallei_NCTC_10229_uid58383	Burkholderia_pseudomallei_1710b_uid58391	5742303	7308054	0.855358	0.844123
Burkholderia_mallei_NCTC_10229_uid58383	Burkholderia_pseudomallei_668_uid58389	5742303	7040403	0.859168	0.851188
Burkholderia_mallei_NCTC_10229_uid58383	Burkholderia_pseudomallei_K96243_uid57733	5742303	7247547	0.859383	0.848921
Burkholderia_mallei_NCTC_10229_uid58383	Burkholderia_pseudomallei_MSHR346_uid29855	5742303	4098576	0.716796	0.698939
Burkholderia_mallei_NCTC_10229_uid58383	Burkholderia_rhizoxinica_HKI_454_uid60487	5742303	2755309	0.054427	0.048392
Burkholderia_mallei_NCTC_10229_uid58383	Burkholderia_SAR_1	5742303	8455713	0.223344	0.215279
Burkholderia_mallei_NCTC_10229_uid58383	Burkholderia_thailandensis_E264_uid58081	5742303	6723972	0.535203	0.532180
Burkholderia_mallei_NCTC_10229_uid58383	Burkholderia_vietnamiensis_G4_uid58075	5742303	7305580	0.233543	0.230038
Burkholderia_mallei_NCTC_10229_uid58383	Burkholderia_xenovorans_LB400_uid57823	5742303	9731138	0.103608	0.096272
Burkholderia_mallei_NCTC_10229_uid58383	Burkholderia_YI23_uid81081	5742303	6473869	0.130277	0.129612
Burkholderia_mallei_NCTC_10229_uid58383	Candidatus_Burkholderia_kirkii_UZHbot1_uid74017_scaffold	5742303	2520398	0.086967	0.075376
Burkholderia_mallei_NCTC_10229_uid58383	Cupriavidus_metallidurans_CH34_uid57815	5742303	3928089	0.045350	0.044043
Burkholderia_mallei_NCTC_10247_uid58385	Burkholderia_mallei_SAVP1_uid58387	5848380	5232401	0.940637	0.937910
Burkholderia_mallei_NCTC_10247_uid58385	Burkholderia_multivorans_ATCC_17616_uid58697	5848380	6841200	0.254780	0.253187
Burkholderia_mallei_NCTC_10247_uid58385	Burkholderia_multivorans_ATCC_17616_uid58909	5848380	6841388	0.254771	0.253177
Burkholderia_mallei_NCTC_10247_uid58385	Burkholderia_phymatum_STM815_uid58699	5848380	6176561	0.113318	0.113147
Burkholderia_mallei_NCTC_10247_uid58385	Burkholderia_phytofirmans_PsJN_uid58729	5848380	8093536	0.101601	0.098582
Burkholderia_mallei_NCTC_10247_uid58385	Burkholderia_pseudomallei_1026b_uid162511	5848380	7231415	0.861249	0.852611
Burkholderia_mallei_NCTC_10247_uid58385	Burkholderia_pseudomallei_1106a_uid58515	5848380	7089249	0.866308	0.859130
Burkholderia_mallei_NCTC_10247_uid58385	Burkholderia_pseudomallei_1710b_uid58391	5848380	7308054	0.855450	0.845920
Burkholderia_mallei_NCTC_10247_uid58385	Burkholderia_pseudomallei_668_uid58389	5848380	7040403	0.858455	0.851894
Burkholderia_mallei_NCTC_10247_uid58385	Burkholderia_pseudomallei_K96243_uid57733	5848380	7247547	0.859179	0.850305
Burkholderia_mallei_NCTC_10247_uid58385	Burkholderia_pseudomallei_MSHR346_uid29855	5848380	4098576	0.712656	0.692810
Burkholderia_mallei_NCTC_10247_uid58385	Burkholderia_rhizoxinica_HKI_454_uid60487	5848380	2755309	0.054348	0.048024
Burkholderia_mallei_NCTC_10247_uid58385	Burkholderia_SAR_1	5848380	8455713	0.222716	0.215428
Burkholderia_mallei_NCTC_10247_uid58385	Burkholderia_thailandensis_E264_uid58081	5848380	6723972	0.534187	0.531830
Burkholderia_mallei_NCTC_10247_uid58385	Burkholderia_vietnamiensis_G4_uid58075	5848380	7305580	0.232760	0.229766
Burkholderia_mallei_NCTC_10247_uid58385	Burkholderia_xenovorans_LB400_uid57823	5848380	9731138	0.103069	0.096242
Burkholderia_mallei_NCTC_10247_uid58385	Burkholderia_YI23_uid81081	5848380	6473869	0.130000	0.129498
Burkholderia_mallei_NCTC_10247_uid58385	Candidatus_Burkholderia_kirkii_UZHbot1_uid74017_scaffold	5848380	2520398	0.087525	0.075390
Burkholderia_mallei_NCTC_10247_uid58385	Cupriavidus_metallidurans_CH34_uid57815	5848380	3928089	0.045035	0.043575
Burkholderia_mallei_SAVP1_uid58387	Burkholderia_multivorans_ATCC_17616_uid58697	5232401	6841200	0.252804	0.248445
Burkholderia_mallei_SAVP1_uid58387	Burkholderia_multivorans_ATCC_17616_uid58909	5232401	6841388	0.252797	0.248437
Burkholderia_mallei_SAVP1_uid58387	Burkholderia_phymatum_STM815_uid58699	5232401	6176561	0.113818	0.112795
Burkholderia_mallei_SAVP1_uid58387	Burkholderia_phytofirmans_PsJN_uid58729	5232401	8093536	0.102224	0.097052
Burkholderia_mallei_SAVP1_uid58387	Burkholderia_pseudomallei_1026b_uid162511	5232401	7231415	0.827061	0.807590
Burkholderia_mallei_SAVP1_uid58387	Burkholderia_pseudomallei_1106a_uid58515	5232401	7089249	0.830743	0.813459
Burkholderia_mallei_SAVP1_uid58387	Burkholderia_pseudomallei_1710b_uid58391	5232401	7308054	0.821592	0.800907
Burkholderia_mallei_SAVP1_uid58387	Burkholderia_pseudomallei_668_uid58389	5232401	7040403	0.826070	0.809709
Burkholderia_mallei_SAVP1_uid58387	Burkholderia_pseudomallei_K96243_uid57733	5232401	7247547	0.824641	0.804914
Burkholderia_mallei_SAVP1_uid58387	Burkholderia_pseudomallei_MSHR346_uid29855	5232401	4098576	0.746446	0.736924
Burkholderia_mallei_SAVP1_uid58387	Burkholderia_rhizoxinica_HKI_454_uid60487	5232401	2755309	0.054543	0.049925
Burkholderia_mallei_SAVP1_uid58387	Burkholderia_SAR_1	5232401	8455713	0.221279	0.209389
Burkholderia_mallei_SAVP1_uid58387	Burkholderia_thailandensis_E264_uid58081	5232401	6723972	0.520737	0.513362
Burkholderia_mallei_SAVP1_uid58387	Burkholderia_vietnamiensis_G4_uid58075	5232401	7305580	0.231829	0.225541
Burkholderia_mallei_SAVP1_uid58387	Burkholderia_xenovorans_LB400_uid57823	5232401	9731138	0.104046	0.094226
Burkholderia_mallei_SAVP1_uid58387	Burkholderia_YI23_uid81081	5232401	6473869	0.129703	0.127967
Burkholderia_mallei_SAVP1_uid58387	Candidatus_Burkholderia_kirkii_UZHbot1_uid74017_scaffold	5232401	2520398	0.086608	0.077369
Burkholderia_mallei_SAVP1_uid58387	Cupriavidus_metallidurans_CH34_uid57815	5232401	3928089	0.045005	0.044296
Burkholderia_multivorans_ATCC_17616_uid58697	Burkholderia_multivorans_ATCC_17616_uid58909	6841200	6841388	0.999988	0.999988
Burkholderia_multivorans_ATCC_17616_uid58697	Burkholderia_phymatum_STM815_uid58699	6841200	6176561	0.115615	0.115456
Burkholderia_multivorans_ATCC_17616_uid58697	Burkholderia_phytofirmans_PsJN_uid58729	6841200	8093536	0.105726	0.104808
Burkholderia_multivorans_ATCC_17616_uid58697	Burkholderia_pseudomallei_1026b_uid162511	6841200	7231415	0.255363	0.255308
Burkholderia_multivorans_ATCC_17616_uid58697	Burkholderia_pseudomallei_1106a_uid58515	6841200	7089249	0.256081	0.256083
Burkholderia_multivorans_ATCC_17616_uid58697	Burkholderia_pseudomallei_1710b_uid58391	6841200	7308054	0.253344	0.253223
Burkholderia_multivorans_ATCC_17616_uid58697	Burkholderia_pseudomallei_668_uid58389	6841200	7040403	0.256291	0.256305
Burkholderia_multivorans_ATCC_17616_uid58697	Burkholderia_pseudomallei_K96243_uid57733	6841200	7247547	0.254230	0.254158
Burkholderia_multivorans_ATCC_17616_uid58697	Burkholderia_pseudomallei_MSHR346_uid29855	6841200	4098576	0.242802	0.228976
Burkholderia_multivorans_ATCC_17616_uid58697	Burkholderia_rhizoxinica_HKI_454_uid60487	6841200	2755309	0.053082	0.044206
Burkholderia_multivorans_ATCC_17616_uid58697	Burkholderia_SAR_1	6841200	8455713	0.338056	0.334444
Burkholderia_multivorans_ATCC_17616_uid58697	Burkholderia_thailandensis_E264_uid58081	6841200	6723972	0.251752	0.251717
Burkholderia_multivorans_ATCC_17616_uid58697	Burkholderia_vietnamiensis_G4_uid58075	6841200	7305580	0.352645	0.352220
Burkholderia_multivorans_ATCC_17616_uid58697	Burkholderia_xenovorans_LB400_uid57823	6841200	9731138	0.104928	0.101490
Burkholderia_multivorans_ATCC_17616_uid58697	Burkholderia_YI23_uid81081	6841200	6473869	0.125653	0.125623
Burkholderia_multivorans_ATCC_17616_uid58697	Candidatus_Burkholderia_kirkii_UZHbot1_uid74017_scaffold	6841200	2520398	0.084846	0.068323
Burkholderia_multivorans_ATCC_17616_uid58697	Cupriavidus_metallidurans_CH34_uid57815	6841200	3928089	0.052106	0.048588
Burkholderia_multivorans_ATCC_17616_uid58909	Burkholderia_phymatum_STM815_uid58699	6841388	6176561	0.115614	0.115455
Burkholderia_multivorans_ATCC_17616_uid58909	Burkholderia_phytofirmans_PsJN_uid58729	6841388	8093536	0.105722	0.104804
Burkholderia_multivorans_ATCC_17616_uid58909	Burkholderia_pseudomallei_1026b_uid162511	6841388	7231415	0.255354	0.255299
Burkholderia_multivorans_ATCC_17616_uid58909	Burkholderia_pseudomallei_1106a_uid58515	6841388	7089249	0.256072	0.256074
Burkholderia_multivorans_ATCC_17616_uid58909	Burkholderia_pseudomallei_1710b_uid58391	6841388	7308054	0.253336	0.253215
Burkholderia_multivorans_ATCC_17616_uid58909	Burkholderia_pseudomallei_668_uid58389	6841388	7040403	0.256282	0.256296
Burkholderia_multivorans_ATCC_17616_uid58909	Burkholderia_pseudomallei_K96243_uid57733	6841388	7247547	0.254221	0.254150
Burkholderia_multivorans_ATCC_17616_uid58909	Burkholderia_pseudomallei_MSHR346_uid29855	6841388	4098576	0.242799	0.228971
Burkholderia_multivorans_ATCC_17616_uid58909	Burkholderia_rhizoxinica_HKI_454_uid60487	6841388	2755309	0.053082	0.044205
Burkholderia_multivorans_ATCC_17616_uid58909	Burkholderia_SAR_1	6841388	8455713	0.338052	0.334441
Burkholderia_multivorans_ATCC_17616_uid58909	Burkholderia_thailandensis_E264_uid58081	6841388	6723972	0.251749	0.251714
Burkholderia_multivorans_ATCC_17616_uid58909	Burkholderia_vietnamiensis_G4_uid58075	6841388	7305580	0.352639	0.352214
Burkholderia_multivorans_ATCC_17616_uid58909	Burkholderia_xenovorans_LB400_uid57823	6841388	9731138	0.104929	0.101491
Burkholderia_multivorans_ATCC_17616_uid58909	Burkholderia_YI23_uid81081	6841388	6473869	0.125651	0.125621
Burkholderia_multivorans_ATCC_17616_uid58909	Candidatus_Burkholderia_kirkii_UZHbot1_uid74017_scaffold	6841388	2520398	0.084846	0.068322
Burkholderia_multivorans_ATCC_17616_uid58909	Cupriavidus_metallidurans_CH34_uid57815	6841388	3928089	0.052106	0.048587
Burkholderia_phymatum_STM815_uid58699	Burkholderia_phytofirmans_PsJN_uid58729	6176561	8093536	0.110658	0.108713
Burkholderia_phymatum_STM815_uid58699	Burkholderia_pseudomallei_1026b_uid162511	6176561	7231415	0.112780	0.112449
Burkholderia_phymatum_STM815_uid58699	Burkholderia_pseudomallei_1106a_uid58515	6176561	7089249	0.113156	0.112929
Burkholderia_phymatum_STM815_uid58699	Burkholderia_pseudomallei_1710b_uid58391	6176561	7308054	0.111978	0.111568
Burkholderia_phymatum_STM815_uid58699	Burkholderia_pseudomallei_668_uid58389	6176561	7040403	0.113491	0.113299
Burkholderia_phymatum_STM815_uid58699	Burkholderia_pseudomallei_K96243_uid57733	6176561	7247547	0.112694	0.112346
Burkholderia_phymatum_STM815_uid58699	Burkholderia_pseudomallei_MSHR346_uid29855	6176561	4098576	0.112266	0.107484
Burkholderia_phymatum_STM815_uid58699	Burkholderia_rhizoxinica_HKI_454_uid60487	6176561	2755309	0.036606	0.031416
Burkholderia_phymatum_STM815_uid58699	Burkholderia_SAR_1	6176561	8455713	0.104092	0.101989
Burkholderia_phymatum_STM815_uid58699	Burkholderia_thailandensis_E264_uid58081	6176561	6723972	0.112878	0.112837
Burkholderia_phymatum_STM815_uid58699	Burkholderia_vietnamiensis_G4_uid58075	6176561	7305580	0.108403	0.107857
Burkholderia_phymatum_STM815_uid58699	Burkholderia_xenovorans_LB400_uid57823	6176561	9731138	0.105793	0.100733
Burkholderia_phymatum_STM815_uid58699	Burkholderia_YI23_uid81081	6176561	6473869	0.103284	0.103247
Burkholderia_phymatum_STM815_uid58699	Candidatus_Burkholderia_kirkii_UZHbot1_uid74017_scaffold	6176561	2520398	0.070645	0.058657
Burkholderia_phymatum_STM815_uid58699	Cupriavidus_metallidurans_CH34_uid57815	6176561	3928089	0.034565	0.032936
Burkholderia_phytofirmans_PsJN_uid58729	Burkholderia_pseudomallei_1026b_uid162511	8093536	7231415	0.101872	0.101331
Burkholderia_phytofirmans_PsJN_uid58729	Burkholderia_pseudomallei_1106a_uid58515	8093536	7089249	0.102148	0.101458
Burkholderia_phytofirmans_PsJN_uid58729	Burkholderia_pseudomallei_1710b_uid58391	8093536	7308054	0.100868	0.100418
Burkholderia_phytofirmans_PsJN_uid58729	Burkholderia_pseudomallei_668_uid58389	8093536	7040403	0.102405	0.101652
Burkholderia_phytofirmans_PsJN_uid58729	Burkholderia_pseudomallei_K96243_uid57733	8093536	7247547	0.101339	0.100827
Burkholderia_phytofirmans_PsJN_uid58729	Burkholderia_pseudomallei_MSHR346_uid29855	8093536	4098576	0.100565	0.089578
Burkholderia_phytofirmans_PsJN_uid58729	Burkholderia_rhizoxinica_HKI_454_uid60487	8093536	2755309	0.037164	0.028419
Burkholderia_phytofirmans_PsJN_uid58729	Burkholderia_SAR_1	8093536	8455713	0.099149	0.099149
Burkholderia_phytofirmans_PsJN_uid58729	Burkholderia_thailandensis_E264_uid58081	8093536	6723972	0.099700	0.098589
Burkholderia_phytofirmans_PsJN_uid58729	Burkholderia_vietnamiensis_G4_uid58075	8093536	7305580	0.102268	0.101904
Burkholderia_phytofirmans_PsJN_uid58729	Burkholderia_xenovorans_LB400_uid57823	8093536	9731138	0.290681	0.288329
Burkholderia_phytofirmans_PsJN_uid58729	Burkholderia_YI23_uid81081	8093536	6473869	0.097641	0.096387
Burkholderia_phytofirmans_PsJN_uid58729	Candidatus_Burkholderia_kirkii_UZHbot1_uid74017_scaffold	8093536	2520398	0.065369	0.047911
Burkholderia_phytofirmans_PsJN_uid58729	Cupriavidus_metallidurans_CH34_uid57815	8093536	3928089	0.036871	0.032635
Burkholderia_pseudomallei_1026b_uid162511	Burkholderia_pseudomallei_1106a_uid58515	7231415	7089249	0.953935	0.953849
Burkholderia_pseudomallei_1026b_uid162511	Burkholderia_pseudomallei_1710b_uid58391	7231415	7308054	0.954250	0.954221
Burkholderia_pseudomallei_1026b_uid162511	Burkholderia_pseudomallei_668_uid58389	7231415	7040403	0.925674	0.925524
Burkholderia_pseudomallei_1026b_uid162511	Burkholderia_pseudomallei_K96243_uid57733	7231415	7247547	0.954248	0.954246
Burkholderia_pseudomallei_1026b_uid162511	Burkholderia_pseudomallei_MSHR346_uid29855	7231415	4098576	0.754500	0.702375
Burkholderia_pseudomallei_1026b_uid162511	Burkholderia_rhizoxinica_HKI_454_uid60487	7231415	2755309	0.054904	0.044929
Burkholderia_pseudomallei_1026b_uid162511	Burkholderia_SAR_1	7231415	8455713	0.222463	0.220882
Burkholderia_pseudomallei_1026b_uid162511	Burkholderia_thailandensis_E264_uid58081	7231415	6723972	0.562937	0.562405
Burkholderia_pseudomallei_1026b_uid162511	Burkholderia_vietnamiensis_G4_uid58075	7231415	7305580	0.234029	0.233995
Burkholderia_pseudomallei_1026b_uid162511	Burkholderia_xenovorans_LB400_uid57823	7231415	9731138	0.102927	0.100218
Burkholderia_pseudomallei_1026b_uid162511	Burkholderia_YI23_uid81081	7231415	6473869	0.130722	0.130630
Burkholderia_pseudomallei_1026b_uid162511	Candidatus_Burkholderia_kirkii_UZHbot1_uid74017_scaffold	7231415	2520398	0.088580	0.070344
Burkholderia_pseudomallei_1026b_uid162511	Cupriavidus_metallidurans_CH34_uid57815	7231415	3928089	0.046502	0.042986
Burkholderia_pseudomallei_1106a_uid58515	Burkholderia_pseudomallei_1710b_uid58391	7089249	7308054	0.955724	0.955510
Burkholderia_pseudomallei_1106a_uid58515	Burkholderia_pseudomallei_668_uid58389	7089249	7040403	0.934068	0.934059
Burkholderia_pseudomallei_1106a_uid58515	Burkholderia_pseudomallei_K96243_uid57733	7089249	7247547	0.949585	0.949474
Burkholderia_pseudomallei_1106a_uid58515	Burkholderia_pseudomallei_MSHR346_uid29855	7089249	4098576	0.743929	0.695835
Burkholderia_pseudomallei_1106a_uid58515	Burkholderia_rhizoxinica_HKI_454_uid60487	7089249	2755309	0.054541	0.044967
Burkholderia_pseudomallei_1106a_uid58515	Burkholderia_SAR_1	7089249	8455713	0.223626	0.221676
Burkholderia_pseudomallei_1106a_uid58515	Burkholderia_thailandensis_E264_uid58081	7089249	6723972	0.558768	0.558484
Burkholderia_pseudomallei_1106a_uid58515	Burkholderia_vietnamiensis_G4_uid58075	7089249	7305580	0.235243	0.235113
Burkholderia_pseudomallei_1106a_uid58515	Burkholderia_xenovorans_LB400_uid57823	7089249	9731138	0.103326	0.100289
Burkholderia_pseudomallei_1106a_uid58515	Burkholderia_YI23_uid81081	7089249	6473869	0.131080	0.131048
Burkholderia_pseudomallei_1106a_uid58515	Candidatus_Burkholderia_kirkii_UZHbot1_uid74017_scaffold	7089249	2520398	0.088692	0.071009
Burkholderia_pseudomallei_1106a_uid58515	Cupriavidus_metallidurans_CH34_uid57815	7089249	3928089	0.046666	0.043382
Burkholderia_pseudomallei_1710b_uid58391	Burkholderia_pseudomallei_668_uid58389	7308054	7040403	0.922871	0.922565
Burkholderia_pseudomallei_1710b_uid58391	Burkholderia_pseudomallei_K96243_uid57733	7308054	7247547	0.944260	0.944244
Burkholderia_pseudomallei_1710b_uid58391	Burkholderia_pseudomallei_MSHR346_uid29855	7308054	4098576	0.750216	0.696194
Burkholderia_pseudomallei_1710b_uid58391	Burkholderia_rhizoxinica_HKI_454_uid60487	7308054	2755309	0.054251	0.044171
Burkholderia_pseudomallei_1710b_uid58391	Burkholderia_SAR_1	7308054	8455713	0.220565	0.219201
Burkholderia_pseudomallei_1710b_uid58391	Burkholderia_thailandensis_E264_uid58081	7308054	6723972	0.555113	0.554329
Burkholderia_pseudomallei_1710b_uid58391	Burkholderia_vietnamiensis_G4_uid58075	7308054	7305580	0.232597	0.232597
Burkholderia_pseudomallei_1710b_uid58391	Burkholderia_xenovorans_LB400_uid57823	7308054	9731138	0.101892	0.099395
Burkholderia_pseudomallei_1710b_uid58391	Burkholderia_YI23_uid81081	7308054	6473869	0.129591	0.129435
Burkholderia_pseudomallei_1710b_uid58391	Candidatus_Burkholderia_kirkii_UZHbot1_uid74017_scaffold	7308054	2520398	0.088188	0.069640
Burkholderia_pseudomallei_1710b_uid58391	Cupriavidus_metallidurans_CH34_uid57815	7308054	3928089	0.046284	0.042681
Burkholderia_pseudomallei_668_uid58389	Burkholderia_pseudomallei_K96243_uid57733	7040403	7247547	0.923606	0.923424
Burkholderia_pseudomallei_668_uid58389	Burkholderia_pseudomallei_MSHR346_uid29855	7040403	4098576	0.731089	0.685101
Burkholderia_pseudomallei_668_uid58389	Burkholderia_rhizoxinica_HKI_454_uid60487	7040403	2755309	0.054686	0.045238
Burkholderia_pseudomallei_668_uid58389	Burkholderia_SAR_1	7040403	8455713	0.223824	0.221724
Burkholderia_pseudomallei_668_uid58389	Burkholderia_thailandensis_E264_uid58081	7040403	6723972	0.565100	0.564894
Burkholderia_pseudomallei_668_uid58389	Burkholderia_vietnamiensis_G4_uid58075	7040403	7305580	0.236070	0.235894
Burkholderia_pseudomallei_668_uid58389	Burkholderia_xenovorans_LB400_uid57823	7040403	9731138	0.103582	0.100427
Burkholderia_pseudomallei_668_uid58389	Burkholderia_YI23_uid81081	7040403	6473869	0.131274	0.131266
Burkholderia_pseudomallei_668_uid58389	Candidatus_Burkholderia_kirkii_UZHbot1_uid74017_scaffold	7040403	2520398	0.088714	0.071223
Burkholderia_pseudomallei_668_uid58389	Cupriavidus_metallidurans_CH34_uid57815	7040403	3928089	0.046450	0.043255
Burkholderia_pseudomallei_K96243_uid57733	Burkholderia_pseudomallei_MSHR346_uid29855	7247547	4098576	0.744554	0.692636
Burkholderia_pseudomallei_K96243_uid57733	Burkholderia_rhizoxinica_HKI_454_uid60487	7247547	2755309	0.054772	0.044754
Burkholderia_pseudomallei_K96243_uid57733	Burkholderia_SAR_1	7247547	8455713	0.221171	0.219654
Burkholderia_pseudomallei_K96243_uid57733	Burkholderia_thailandensis_E264_uid58081	7247547	6723972	0.559482	0.558909
Burkholderia_pseudomallei_K96243_uid57733	Burkholderia_vietnamiensis_G4_uid58075	7247547	7305580	0.233173	0.233148
Burkholderia_pseudomallei_K96243_uid57733	Burkholderia_xenovorans_LB400_uid57823	7247547	9731138	0.102395	0.099743
Burkholderia_pseudomallei_K96243_uid57733	Burkholderia_YI23_uid81081	7247547	6473869	0.130094	0.129981
Burkholderia_pseudomallei_K96243_uid57733	Candidatus_Burkholderia_kirkii_UZHbot1_uid74017_scaffold	7247547	2520398	0.088254	0.069986
Burkholderia_pseudomallei_K96243_uid57733	Cupriavidus_metallidurans_CH34_uid57815	7247547	3928089	0.046494	0.042976
Burkholderia_pseudomallei_MSHR346_uid29855	Burkholderia_rhizoxinica_HKI_454_uid60487	4098576	2755309	0.053515	0.051718
Burkholderia_pseudomallei_MSHR346_uid29855	Burkholderia_SAR_1	4098576	8455713	0.214363	0.190343
Burkholderia_pseudomallei_MSHR346_uid29855	Burkholderia_thailandensis_E264_uid58081	4098576	6723972	0.484717	0.459590
Burkholderia_pseudomallei_MSHR346_uid29855	Burkholderia_vietnamiensis_G4_uid58075	4098576	7305580	0.224436	0.207955
Burkholderia_pseudomallei_MSHR346_uid29855	Burkholderia_xenovorans_LB400_uid57823	4098576	9731138	0.102290	0.085326
Burkholderia_pseudomallei_MSHR346_uid29855	Burkholderia_YI23_uid81081	4098576	6473869	0.126368	0.119978
Burkholderia_pseudomallei_MSHR346_uid29855	Candidatus_Burkholderia_kirkii_UZHbot1_uid74017_scaffold	4098576	2520398	0.085876	0.081681
Burkholderia_pseudomallei_MSHR346_uid29855	Cupriavidus_metallidurans_CH34_uid57815	4098576	3928089	0.045980	0.045967
Burkholderia_rhizoxinica_HKI_454_uid60487	Burkholderia_SAR_1	2755309	8455713	0.050624	0.038256
Burkholderia_rhizoxinica_HKI_454_uid60487	Burkholderia_thailandensis_E264_uid58081	2755309	6723972	0.053187	0.044718
Burkholderia_rhizoxinica_HKI_454_uid60487	Burkholderia_vietnamiensis_G4_uid58075	2755309	7305580	0.052864	0.042813
Burkholderia_rhizoxinica_HKI_454_uid60487	Burkholderia_xenovorans_LB400_uid57823	2755309	9731138	0.038645	0.026953
Burkholderia_rhizoxinica_HKI_454_uid60487	Burkholderia_YI23_uid81081	2755309	6473869	0.039788	0.033615
Burkholderia_rhizoxinica_HKI_454_uid60487	Candidatus_Burkholderia_kirkii_UZHbot1_uid74017_scaffold	2755309	2520398	0.026347	0.026291
Burkholderia_rhizoxinica_HKI_454_uid60487	Cupriavidus_metallidurans_CH34_uid57815	2755309	3928089	0.023591	0.022880
Burkholderia_SAR_1	Burkholderia_thailandensis_E264_uid58081	8455713	6723972	0.219943	0.217014
Burkholderia_SAR_1	Burkholderia_vietnamiensis_G4_uid58075	8455713	7305580	0.331408	0.329825
Burkholderia_SAR_1	Burkholderia_xenovorans_LB400_uid57823	8455713	9731138	0.096603	0.096034
Burkholderia_SAR_1	Burkholderia_YI23_uid81081	8455713	6473869	0.110031	0.108367
Burkholderia_SAR_1	Candidatus_Burkholderia_kirkii_UZHbot1_uid74017_scaffold	8455713	2520398	0.080126	0.058161
Burkholderia_SAR_1	Cupriavidus_metallidurans_CH34_uid57815	8455713	3928089	0.059161	0.051813
Burkholderia_thailandensis_E264_uid58081	Burkholderia_vietnamiensis_G4_uid58075	6723972	7305580	0.231186	0.230678
Burkholderia_thailandensis_E264_uid58081	Burkholderia_xenovorans_LB400_uid57823	6723972	9731138	0.100190	0.096449
Burkholderia_thailandensis_E264_uid58081	Burkholderia_YI23_uid81081	6723972	6473869	0.128046	0.128079
Burkholderia_thailandensis_E264_uid58081	Candidatus_Burkholderia_kirkii_UZHbot1_uid74017_scaffold	6723972	2520398	0.086136	0.070235
Burkholderia_thailandensis_E264_uid58081	Cupriavidus_metallidurans_CH34_uid57815	6723972	3928089	0.045203	0.042513
Burkholderia_vietnamiensis_G4_uid58075	Burkholderia_xenovorans_LB400_uid57823	7305580	9731138	0.101909	0.099674
Burkholderia_vietnamiensis_G4_uid58075	Burkholderia_YI23_uid81081	7305580	6473869	0.115280	0.114985
Burkholderia_vietnamiensis_G4_uid58075	Candidatus_Burkholderia_kirkii_UZHbot1_uid74017_scaffold	7305580	2520398	0.080196	0.062717
Burkholderia_vietnamiensis_G4_uid58075	Cupriavidus_metallidurans_CH34_uid57815	7305580	3928089	0.049823	0.045787
Burkholderia_xenovorans_LB400_uid57823	Burkholderia_YI23_uid81081	9731138	6473869	0.095384	0.091583
Burkholderia_xenovorans_LB400_uid57823	Candidatus_Burkholderia_kirkii_UZHbot1_uid74017_scaffold	9731138	2520398	0.066177	0.043953
Burkholderia_xenovorans_LB400_uid57823	Cupriavidus_metallidurans_CH34_uid57815	9731138	3928089	0.042634	0.035263
Burkholderia_YI23_uid81081	Candidatus_Burkholderia_kirkii_UZHbot1_uid74017_scaffold	6473869	2520398	0.186498	0.151951
Burkholderia_YI23_uid81081	Cupriavidus_metallidurans_CH34_uid57815	6473869	3928089	0.038081	0.035952
Candidatus_Burkholderia_kirkii_UZHbot1_uid74017_scaffold	Cupriavidus_metallidurans_CH34_uid57815	2520398	3928089	0.025875	0.024675
